{
  "version": 1,
  "lessons": [
    {
      "id": "54e36a54",
      "agent": "or",
      "severity": "critical",
      "impact": 1.0,
      "what": "Pushed code directly to production without sandbox",
      "lesson": "ALWAYS work in sandbox first, never push to production without user approval",
      "timestamp": "2026-02-15T04:03:55Z",
      "applied": 11
    },
    {
      "id": "e82efb93",
      "agent": "or",
      "severity": "critical",
      "impact": 1.0,
      "what": "Didn't create topic for task",
      "lesson": "EVERY task gets its own Telegram topic, no exceptions",
      "timestamp": "2026-02-15T04:03:55Z",
      "applied": 8
    },
    {
      "id": "eeb50f4e",
      "agent": "or",
      "severity": "medium",
      "impact": 0.7,
      "what": "Didn't send screenshots as proof",
      "lesson": "Always take screenshots with Puppeteer and send to topic before asking for approval",
      "timestamp": "2026-02-15T04:03:55Z",
      "applied": 0
    },
    {
      "id": "5f36b13a",
      "agent": "or",
      "severity": "medium",
      "impact": 0.7,
      "what": "Orchestrator coded instead of delegating to koder",
      "lesson": "Orchestrator must DELEGATE to agents, never code directly",
      "timestamp": "2026-02-15T04:03:55Z",
      "applied": 0
    },
    {
      "id": "1fd332a1",
      "agent": "koder",
      "severity": "medium",
      "impact": 0.7,
      "what": "isBall variable undefined in modal tabs",
      "lesson": "Always check variable scope when using variables in array definitions",
      "timestamp": "2026-02-15T04:03:55Z",
      "applied": 8
    },
    {
      "id": "29193cd3",
      "agent": "koder",
      "severity": "medium",
      "impact": 0.7,
      "what": "Route order bug - full-odds after :eventId",
      "lesson": "Specific routes must come BEFORE parameterized routes in Express",
      "timestamp": "2026-02-15T04:03:55Z",
      "applied": 8
    },
    {
      "id": "6c6f0d33",
      "agent": "koder",
      "severity": "low",
      "impact": 0.3,
      "what": "trust proxy not set for rate limiter",
      "lesson": "Behind nginx, always set app.set('trust proxy', 1) for express-rate-limit",
      "timestamp": "2026-02-15T04:03:56Z",
      "applied": 8
    },
    {
      "id": "ad647fff",
      "agent": "or",
      "severity": "critical",
      "impact": 1.0,
      "what": "Koder deployed dashboard changes directly without waiting for user approval",
      "lesson": "Even for non-production services like the dashboard, WAIT for user approval before deploying. The flow is: screenshots â†’ user reviews â†’ user approves â†’ deploy.",
      "timestamp": "2026-02-15T04:13:47Z",
      "applied": 9
    },
    {
      "id": "611b3199",
      "agent": "koder",
      "severity": "critical",
      "impact": 1.0,
      "what": "commenceTime saved as string not Date object",
      "lesson": "Always use new Date() when saving dates to MongoDB, not toString(). Mongoose won't auto-convert strings to Date type.",
      "timestamp": "2026-02-15T11:53:28Z",
      "applied": 8
    },
    {
      "id": "bdf77ff4",
      "agent": "koder",
      "severity": "critical",
      "impact": 1.0,
      "what": "limit(100) blocked events from loading",
      "lesson": "Never use hard limit() on queries that may return more results. Use pagination or remove limit for admin/internal queries.",
      "timestamp": "2026-02-15T11:53:28Z",
      "applied": 8
    },
    {
      "id": "70b8ae5a",
      "agent": "koder",
      "severity": "medium",
      "impact": 0.7,
      "what": "rate limit exceeded from 300ms delay between API calls",
      "lesson": "When calling external APIs in loops, use at least 500ms delay. For bulk operations, use 1000ms+ or batch endpoints.",
      "timestamp": "2026-02-15T11:53:28Z",
      "applied": 8
    },
    {
      "id": "6a400dc4",
      "agent": "koder",
      "severity": "medium",
      "impact": 0.7,
      "what": "stale events not marked completed after date passed",
      "lesson": "Add a cleanup job or query filter: if event.commenceTime < now and status is not completed, auto-mark or filter out.",
      "timestamp": "2026-02-15T11:53:28Z",
      "applied": 8
    },
    {
      "id": "1e36a270",
      "agent": "koder",
      "severity": "low",
      "impact": 0.3,
      "what": "test lesson",
      "lesson": "test",
      "timestamp": "2026-02-15T13:20:11Z",
      "applied": 7
    },
    {
      "id": "f706aebd",
      "agent": "koder",
      "severity": "low",
      "impact": 0.3,
      "what": "success #2551",
      "lesson": "×œ××™×“×” ××›×œ ×˜×¢×•×ª + ×”×¦×œ×—×”",
      "timestamp": "2026-02-15T13:20:23Z",
      "applied": 6
    },
    {
      "id": "13111560",
      "agent": "koder",
      "severity": "low",
      "impact": 0.3,
      "what": "success #2572",
      "lesson": "auto-commit ×—×•×‘×”",
      "timestamp": "2026-02-15T13:34:04Z",
      "applied": 5
    },
    {
      "id": "5c40f734",
      "agent": "koder",
      "severity": "medium",
      "impact": 0.7,
      "what": "eval fail #2592 attempt 1",
      "lesson": "ğŸ” Evaluating thread 2592 for agent koder...\nâŒ FAIL: Uncommitted changes in workspace: 5 files",
      "timestamp": "2026-02-15T13:40:58Z",
      "applied": 4
    },
    {
      "id": "2f55afd1",
      "agent": "koder",
      "severity": "medium",
      "impact": 0.7,
      "what": "eval fail #2592 attempt 2",
      "lesson": "ğŸ” Evaluating thread 2592 for agent koder...\nâŒ FAIL: Uncommitted changes in workspace: 4 files",
      "timestamp": "2026-02-15T13:42:59Z",
      "applied": 4
    },
    {
      "id": "e5698bae",
      "agent": "koder",
      "severity": "medium",
      "impact": 0.7,
      "what": "eval fail #2592 attempt 3",
      "lesson": "ğŸ” Evaluating thread 2592 for agent koder...\nâŒ FAIL: Uncommitted changes in workspace: 4 files",
      "timestamp": "2026-02-15T13:45:01Z",
      "applied": 4
    },
    {
      "id": "01a8a26d",
      "agent": "koder",
      "severity": "high",
      "impact": 0.3,
      "what": "Failed 3 times on #2592",
      "lesson": "Errors: ğŸ” Evaluating thread 2592 for agent koder...\nâŒ FAIL: Uncommitted changes in workspace: 5 files\nğŸ” Evaluating thread 2592 for agent koder...\nâŒ FAIL: Uncommitted changes in workspace: 4 files\nğŸ” Evaluating thread 2592 for agent koder...\nâŒ FAIL: Uncommitted changes in workspace: 4 files",
      "timestamp": "2026-02-15T13:45:01Z",
      "applied": 4
    },
    {
      "id": "3ba97ffa",
      "agent": "koder",
      "severity": "medium",
      "impact": 0.7,
      "what": "Phase 2 eval fail #2592 attempt 1",
      "lesson": "ğŸ” Evaluating thread 2592 for agent koder...\nâŒ FAIL: Uncommitted changes in workspace: 4 files",
      "timestamp": "2026-02-15T13:47:32Z",
      "applied": 4
    },
    {
      "id": "277ca068",
      "agent": "koder",
      "severity": "medium",
      "impact": 0.7,
      "what": "Phase 2 eval fail #2592 attempt 2",
      "lesson": "ğŸ” Evaluating thread 2592 for agent koder...\nâŒ FAIL: Uncommitted changes in workspace: 4 files",
      "timestamp": "2026-02-15T13:49:33Z",
      "applied": 4
    },
    {
      "id": "c278a011",
      "agent": "koder",
      "severity": "medium",
      "impact": 0.7,
      "what": "Phase 2 eval fail #2592 attempt 3",
      "lesson": "ğŸ” Evaluating thread 2592 for agent koder...\nâŒ FAIL: Uncommitted changes in workspace: 4 files",
      "timestamp": "2026-02-15T13:51:34Z",
      "applied": 4
    },
    {
      "id": "3efb8e13",
      "agent": "koder",
      "severity": "critical",
      "impact": 1.0,
      "what": "Failed both phases on #2592 (×‘×“×™×§×•×ª Browser ×××™×ª×™×•×ª)",
      "lesson": "Total 6 retries exhausted",
      "timestamp": "2026-02-15T13:51:34Z",
      "applied": 4
    },
    {
      "id": "244331e8",
      "agent": "koder",
      "severity": "medium",
      "impact": 0.7,
      "what": "eval fail #2656 attempt 1",
      "lesson": "ğŸ” Evaluating thread 2656 for agent koder...\nâŒ FAIL: Uncommitted changes in workspace: 2 files",
      "timestamp": "2026-02-15T14:16:45Z",
      "applied": 3
    },
    {
      "id": "c818464b",
      "agent": "koder",
      "severity": "medium",
      "impact": 0.7,
      "what": "eval fail #2656 attempt 2",
      "lesson": "ğŸ” Evaluating thread 2656 for agent koder...\nâŒ FAIL: Uncommitted changes in workspace: 3 files",
      "timestamp": "2026-02-15T14:18:46Z",
      "applied": 3
    },
    {
      "id": "7a5b1a29",
      "agent": "koder",
      "severity": "medium",
      "impact": 0.7,
      "what": "eval fail #2656 attempt 3",
      "lesson": "ğŸ” Evaluating thread 2656 for agent koder...\nâŒ FAIL: Uncommitted changes in workspace: 3 files",
      "timestamp": "2026-02-15T14:20:47Z",
      "applied": 3
    },
    {
      "id": "a5ce7a55",
      "agent": "koder",
      "severity": "high",
      "impact": 0.3,
      "what": "Failed 3 times on #2656",
      "lesson": "Errors: ğŸ” Evaluating thread 2656 for agent koder...\nâŒ FAIL: Uncommitted changes in workspace: 2 files\nğŸ” Evaluating thread 2656 for agent koder...\nâŒ FAIL: Uncommitted changes in workspace: 3 files\nğŸ” Evaluating thread 2656 for agent koder...\nâŒ FAIL: Uncommitted changes in workspace: 3 files",
      "timestamp": "2026-02-15T14:20:47Z",
      "applied": 3
    },
    {
      "id": "acac1daf",
      "agent": "koder",
      "severity": "medium",
      "impact": 0.7,
      "what": "Phase 2 eval fail #2656 attempt 1",
      "lesson": "ğŸ” Evaluating thread 2656 for agent koder...\nâŒ FAIL: Uncommitted changes in workspace: 3 files",
      "timestamp": "2026-02-15T14:21:18Z",
      "applied": 3
    },
    {
      "id": "b9ebf744",
      "agent": "koder",
      "severity": "medium",
      "impact": 0.7,
      "what": "eval fail #2656 attempt 1",
      "lesson": "ğŸ” Evaluating thread 2656 for agent koder...\nğŸ“ Auto-committing 1 workspace files...\n[master 0e13179] #2656: auto-commit workspace changes (evaluator)\n Committer: root <root@vmi3057963.contaboserver.net>\nYour name and email address were configured automatically based\non your username and hostname. Please check that they are accurate.\nYou can suppress this message by setting them explicitly. Run the\nfollowing command and follow the instructions in your editor to edit\nyour configuration file:\n\n    git config --global --edit\n\nAfter doing this, you may fix the identity used for this commit with:\n\n    git commit --amend --reset-author\n\n 1 file changed, 26 insertions(+), 26 deletions(-)\nğŸ“‹ Running tests (project: betting)...\n\nPASS: 5/5 tests passed\nğŸŒ Running browser tests...\n  âœ… Page loads\n  âœ… Login form exists\n  âœ… No JS console errors\n  âœ… Screenshot saved: /tmp/eval-browser-betting.png\n\nPASS: 4/4 browser tests passed\nğŸ§ª Running feature-specific browser tests...\n  âŒ ××•×“×œ ×¤×™×¨×•×˜ ×¨×•×•×—/×”×¤×¡×“ ×§×™×™× â€” selector \"#modalPnlDetail\" not found\n  âŒ ×œ×—×™×¦×” ×¢×œ ×¨×•×•×—/×”×¤×¡×“ ×¤×•×ª×—×ª ×¤×™×¨×•×˜ â€” button \"td[onclick*=\"showPnlDetail\"]\" not found\n  âŒ \"×™×© ×©×•×¨×•×ª ×¤×™×¨×•×˜\" (needs bets data) â€” expected min 1, found 0\n  âŒ ×¡×”\"×› ××•×¦×’ â€” Error: failed to find element matching selector \"#pnlDetailSummary\"\n  âŒ ×˜×‘×œ×ª ×¤×™×¨×•×˜ ×§×™×™××ª â€” selector \"#pnlDetailBody\" not found\n\nFAIL: 0/5 browser tests passed\n\nâŒ EVALUATION FAILED",
      "timestamp": "2026-02-15T14:23:05Z",
      "applied": 2
    },
    {
      "id": "2dbd3270",
      "agent": "koder",
      "severity": "medium",
      "impact": 0.7,
      "what": "eval fail #2656 attempt 2",
      "lesson": "ğŸ” Evaluating thread 2656 for agent koder...\nğŸ“ Auto-committing 3 workspace files...\n[master a315935] #2656: auto-commit workspace changes (evaluator)\n Committer: root <root@vmi3057963.contaboserver.net>\nYour name and email address were configured automatically based\non your username and hostname. Please check that they are accurate.\nYou can suppress this message by setting them explicitly. Run the\nfollowing command and follow the instructions in your editor to edit\nyour configuration file:\n\n    git config --global --edit\n\nAfter doing this, you may fix the identity used for this commit with:\n\n    git commit --amend --reset-author\n\n 3 files changed, 25 insertions(+), 4 deletions(-)\nğŸ“‹ Running tests (project: betting)...\n\nPASS: 5/5 tests passed\nğŸŒ Running browser tests...\n  âœ… Page loads\n  âœ… Login form exists\n  âœ… No JS console errors\n  âœ… Screenshot saved: /tmp/eval-browser-betting.png\n\nPASS: 4/4 browser tests passed\nğŸ§ª Running feature-specific browser tests...\n  âŒ ××•×“×œ ×¤×™×¨×•×˜ ×¨×•×•×—/×”×¤×¡×“ ×§×™×™× â€” selector \"#modalPnlDetail\" not found\n  âŒ ×œ×—×™×¦×” ×¢×œ ×¨×•×•×—/×”×¤×¡×“ ×¤×•×ª×—×ª ×¤×™×¨×•×˜ â€” button \"td[onclick*=\"showPnlDetail\"]\" not found\n  âŒ \"×™×© ×©×•×¨×•×ª ×¤×™×¨×•×˜\" (needs bets data) â€” expected min 1, found 0\n  âŒ ×¡×”\"×› ××•×¦×’ â€” Error: failed to find element matching selector \"#pnlDetailSummary\"\n  âŒ ×˜×‘×œ×ª ×¤×™×¨×•×˜ ×§×™×™××ª â€” selector \"#pnlDetailBody\" not found\n\nFAIL: 0/5 browser tests passed\n\nâŒ EVALUATION FAILED",
      "timestamp": "2026-02-15T14:25:28Z",
      "applied": 2
    },
    {
      "id": "6a5608e6",
      "agent": "koder",
      "severity": "medium",
      "impact": 0.7,
      "what": "eval fail #2656 attempt 1",
      "lesson": "ğŸ” Evaluating thread 2656 for agent koder...\nğŸ“ Auto-committing 1 workspace files...\n[master 5087024] #2656: auto-commit workspace changes (evaluator)\n Committer: root <root@vmi3057963.contaboserver.net>\nYour name and email address were configured automatically based\non your username and hostname. Please check that they are accurate.\nYou can suppress this message by setting them explicitly. Run the\nfollowing command and follow the instructions in your editor to edit\nyour configuration file:\n\n    git config --global --edit\n\nAfter doing this, you may fix the identity used for this commit with:\n\n    git commit --amend --reset-author\n\n 1 file changed, 28 insertions(+), 28 deletions(-)\nğŸ“‹ Running tests (project: betting)...\n\nPASS: 5/5 tests passed\nğŸŒ Running browser tests...\n  âœ… Page loads\n  âœ… No JS console errors\n  âœ… Screenshot saved: /tmp/eval-browser-betting.png\n\nPASS: 3/3 browser tests passed\nğŸ§ª Running feature-specific browser tests...\n  âŒ ××•×“×œ ×¤×™×¨×•×˜ ×¨×•×•×—/×”×¤×¡×“ ×§×™×™× â€” selector \"#modalPnlDetail\" not found\n  âŒ ×œ×—×™×¦×” ×¢×œ ×¨×•×•×—/×”×¤×¡×“ ×¤×•×ª×—×ª ×¤×™×¨×•×˜ â€” button \"td[onclick*=\"showPnlDetail\"]\" not found\n  âŒ \"×™×© ×©×•×¨×•×ª ×¤×™×¨×•×˜\" (needs bets data) â€” expected min 1, found 0\n  âŒ ×¡×”\"×› ××•×¦×’ â€” Error: failed to find element matching selector \"#pnlDetailSummary\"\n  âŒ ×˜×‘×œ×ª ×¤×™×¨×•×˜ ×§×™×™××ª â€” selector \"#pnlDetailBody\" not found\n\nFAIL: 0/5 browser tests passed\n\nâŒ EVALUATION FAILED",
      "timestamp": "2026-02-15T14:30:01Z",
      "applied": 1
    },
    {
      "id": "08f4a9b9",
      "agent": "koder",
      "severity": "medium",
      "impact": 0.7,
      "what": "eval fail #2656 attempt 2",
      "lesson": "ğŸ” Evaluating thread 2656 for agent koder...\nğŸ“ Auto-committing 3 workspace files...\n[master 88b9a74] #2656: auto-commit workspace changes (evaluator)\n Committer: root <root@vmi3057963.contaboserver.net>\nYour name and email address were configured automatically based\non your username and hostname. Please check that they are accurate.\nYou can suppress this message by setting them explicitly. Run the\nfollowing command and follow the instructions in your editor to edit\nyour configuration file:\n\n    git config --global --edit\n\nAfter doing this, you may fix the identity used for this commit with:\n\n    git commit --amend --reset-author\n\n 3 files changed, 25 insertions(+), 4 deletions(-)\nğŸ“‹ Running tests (project: betting)...\n\nPASS: 5/5 tests passed\nğŸŒ Running browser tests...\n  âœ… Page loads\n  âœ… No JS console errors\n  âœ… Screenshot saved: /tmp/eval-browser-betting.png\n\nPASS: 3/3 browser tests passed\nğŸ§ª Running feature-specific browser tests...\n  âŒ ××•×“×œ ×¤×™×¨×•×˜ ×¨×•×•×—/×”×¤×¡×“ ×§×™×™× â€” selector \"#modalPnlDetail\" not found\n  âŒ ×œ×—×™×¦×” ×¢×œ ×¨×•×•×—/×”×¤×¡×“ ×¤×•×ª×—×ª ×¤×™×¨×•×˜ â€” button \"td[onclick*=\"showPnlDetail\"]\" not found\n  âŒ \"×™×© ×©×•×¨×•×ª ×¤×™×¨×•×˜\" (needs bets data) â€” expected min 1, found 0\n  âŒ ×¡×”\"×› ××•×¦×’ â€” Error: failed to find element matching selector \"#pnlDetailSummary\"\n  âŒ ×˜×‘×œ×ª ×¤×™×¨×•×˜ ×§×™×™××ª â€” selector \"#pnlDetailBody\" not found\n\nFAIL: 0/5 browser tests passed\n\nâŒ EVALUATION FAILED",
      "timestamp": "2026-02-15T14:32:23Z",
      "applied": 1
    },
    {
      "id": "e4db118f",
      "agent": "koder",
      "severity": "medium",
      "impact": 0.7,
      "what": "eval fail #2656 attempt 3",
      "lesson": "ğŸ” Evaluating thread 2656 for agent koder...\nğŸ“ Auto-committing 3 workspace files...\n[master 6b48c58] #2656: auto-commit workspace changes (evaluator)\n Committer: root <root@vmi3057963.contaboserver.net>\nYour name and email address were configured automatically based\non your username and hostname. Please check that they are accurate.\nYou can suppress this message by setting them explicitly. Run the\nfollowing command and follow the instructions in your editor to edit\nyour configuration file:\n\n    git config --global --edit\n\nAfter doing this, you may fix the identity used for this commit with:\n\n    git commit --amend --reset-author\n\n 3 files changed, 25 insertions(+), 4 deletions(-)\nğŸ“‹ Running tests (project: betting)...\n\nPASS: 5/5 tests passed\nğŸŒ Running browser tests...\n  âœ… Page loads\n  âœ… No JS console errors\n  âœ… Screenshot saved: /tmp/eval-browser-betting.png\n\nPASS: 3/3 browser tests passed\nğŸ§ª Running feature-specific browser tests...\n  âŒ ××•×“×œ ×¤×™×¨×•×˜ ×¨×•×•×—/×”×¤×¡×“ ×§×™×™× â€” selector \"#modalPnlDetail\" not found\n  âŒ ×œ×—×™×¦×” ×¢×œ ×¨×•×•×—/×”×¤×¡×“ ×¤×•×ª×—×ª ×¤×™×¨×•×˜ â€” button \"td[onclick*=\"showPnlDetail\"]\" not found\n  âŒ \"×™×© ×©×•×¨×•×ª ×¤×™×¨×•×˜\" (needs bets data) â€” expected min 1, found 0\n  âŒ ×¡×”\"×› ××•×¦×’ â€” Error: failed to find element matching selector \"#pnlDetailSummary\"\n  âŒ ×˜×‘×œ×ª ×¤×™×¨×•×˜ ×§×™×™××ª â€” selector \"#pnlDetailBody\" not found\n\nFAIL: 0/5 browser tests passed\n\nâŒ EVALUATION FAILED",
      "timestamp": "2026-02-15T14:34:45Z",
      "applied": 1
    },
    {
      "id": "9f9f7c48",
      "agent": "koder",
      "severity": "high",
      "impact": 0.3,
      "what": "Failed 3 times on #2656",
      "lesson": "Errors:  3 files changed, 25 insertions(+), 4 deletions(-)\nğŸ“‹ Running tests (project: betting)...\n\nPASS: 5/5 tests passed\nğŸŒ Running browser tests...\n  âœ… Page loads\n  âœ… No JS console errors\n  âœ… Screenshot saved: /tmp/eval-browser-betting.png\n\nPASS: 3/3 browser tests passed\nğŸ§ª Running feature-specific browser tests...\n  âŒ ××•×“×œ ×¤×™×¨×•×˜ ×¨×•×•×—/×”×¤×¡×“ ×§×™×™× â€” selector \"#modalPnlDetail\" not found\n  âŒ ×œ×—×™×¦×” ×¢×œ ×¨×•×•×—/×”×¤×¡×“ ×¤×•×ª×—×ª ×¤×™×¨×•×˜ â€” button \"td[onclick*=\"showPnlDetail\"]\" not found\n  âŒ \"×™×© ×©×•×¨×•×ª ×¤×™×¨×•×˜\" (needs bets data) â€” expected min 1, found 0\n  âŒ ×¡×”\"×› ××•×¦×’ â€” Error: failed to find element matching selector \"#pnlDetailSummary\"\n  âŒ ×˜×‘×œ×ª ×¤×™×¨×•×˜ ×§×™×™××ª â€” selector \"#pnlDetailBody\" not found\n\nFAIL: 0/5 browser tests passed\n\nâŒ EVALUATION FAILED",
      "timestamp": "2026-02-15T14:34:45Z",
      "applied": 1
    }
  ]
}